<?xml version="1.0" encoding="UTF-8"?>
<!-- Generated by org.testng.reporters.JUnitReportReporter -->
<testsuite hostname="Active30" failures="0" tests="21" name="api.test.PublisherTest" time="25.986" errors="2" timestamp="2023-12-19T12:13:38 IST" skipped="0">
  <testcase classname="api.test.PublisherTest" name="insertPublisher" time="6.874"/>
  <testcase classname="api.test.PublisherTest" name="listPublishers" time="2.173"/>
  <testcase classname="api.test.PublisherTest" name="getSinglePublisher" time="1.281"/>
  <testcase classname="api.test.PublisherTest" name="updatePublisher" time="1.921"/>
  <testcase classname="api.test.PublisherTest" name="insertPublisherGroup" time="0.502">
    <error message="JSONObject[&quot;data&quot;] not found." type="org.json.JSONException">
      <![CDATA[org.json.JSONException: JSONObject["data"] not found.
at org.json.JSONObject.get(JSONObject.java:570)
at org.json.JSONObject.getJSONObject(JSONObject.java:780)
at api.test.PublisherTest.insertPublisherGroup(PublisherTest.java:282)
at java.base/jdk.internal.reflect.NativeMethodAccessorImpl.invoke0(Native Method)
at java.base/jdk.internal.reflect.NativeMethodAccessorImpl.invoke(NativeMethodAccessorImpl.java:77)
at java.base/jdk.internal.reflect.DelegatingMethodAccessorImpl.invoke(DelegatingMethodAccessorImpl.java:43)
at java.base/java.lang.reflect.Method.invoke(Method.java:568)
at org.testng.internal.invokers.MethodInvocationHelper.invokeMethod(MethodInvocationHelper.java:139)
at org.testng.internal.invokers.TestInvoker.invokeMethod(TestInvoker.java:664)
at org.testng.internal.invokers.TestInvoker.invokeTestMethod(TestInvoker.java:227)
at org.testng.internal.invokers.MethodRunner.runInSequence(MethodRunner.java:50)
at org.testng.internal.invokers.TestInvoker$MethodInvocationAgent.invoke(TestInvoker.java:957)
at org.testng.internal.invokers.TestInvoker.invokeTestMethods(TestInvoker.java:200)
at org.testng.internal.invokers.TestMethodWorker.invokeTestMethods(TestMethodWorker.java:148)
at org.testng.internal.invokers.TestMethodWorker.run(TestMethodWorker.java:128)
at java.base/java.util.ArrayList.forEach(ArrayList.java:1511)
at org.testng.TestRunner.privateRun(TestRunner.java:848)
at org.testng.TestRunner.run(TestRunner.java:621)
at org.testng.SuiteRunner.runTest(SuiteRunner.java:443)
at org.testng.SuiteRunner.runSequentially(SuiteRunner.java:437)
at org.testng.SuiteRunner.privateRun(SuiteRunner.java:397)
at org.testng.SuiteRunner.run(SuiteRunner.java:336)
at org.testng.SuiteRunnerWorker.runSuite(SuiteRunnerWorker.java:52)
at org.testng.SuiteRunnerWorker.run(SuiteRunnerWorker.java:95)
at org.testng.TestNG.runSuitesSequentially(TestNG.java:1280)
at org.testng.TestNG.runSuitesLocally(TestNG.java:1200)
at org.testng.TestNG.runSuites(TestNG.java:1114)
at org.testng.TestNG.run(TestNG.java:1082)
at org.testng.remote.AbstractRemoteTestNG.run(AbstractRemoteTestNG.java:115)
at org.testng.remote.RemoteTestNG.initAndRun(RemoteTestNG.java:251)
at org.testng.remote.RemoteTestNG.main(RemoteTestNG.java:77)
]]>
    </error>
  </testcase> <!-- insertPublisherGroup -->
  <testcase classname="api.test.PublisherTest" name="listPublisherGroups" time="0.456"/>
  <testcase classname="api.test.PublisherTest" name="getSinglePublisherGroup" time="0.629"/>
  <testcase classname="api.test.PublisherTest" name="updatePublisherGroup" time="0.490"/>
  <testcase classname="api.test.PublisherTest" name="updatePublisherGroupStatus" time="0.459"/>
  <testcase classname="api.test.PublisherTest" name="insertPublisherUser" time="1.752">
    <error message="JSONObject[&quot;Publisher_user_id&quot;] not found." type="org.json.JSONException">
      <![CDATA[org.json.JSONException: JSONObject["Publisher_user_id"] not found.
at org.json.JSONObject.get(JSONObject.java:570)
at org.json.JSONObject.getInt(JSONObject.java:742)
at api.test.PublisherTest.insertPublisherUser(PublisherTest.java:348)
at java.base/jdk.internal.reflect.NativeMethodAccessorImpl.invoke0(Native Method)
at java.base/jdk.internal.reflect.NativeMethodAccessorImpl.invoke(NativeMethodAccessorImpl.java:77)
at java.base/jdk.internal.reflect.DelegatingMethodAccessorImpl.invoke(DelegatingMethodAccessorImpl.java:43)
at java.base/java.lang.reflect.Method.invoke(Method.java:568)
at org.testng.internal.invokers.MethodInvocationHelper.invokeMethod(MethodInvocationHelper.java:139)
at org.testng.internal.invokers.TestInvoker.invokeMethod(TestInvoker.java:664)
at org.testng.internal.invokers.TestInvoker.invokeTestMethod(TestInvoker.java:227)
at org.testng.internal.invokers.MethodRunner.runInSequence(MethodRunner.java:50)
at org.testng.internal.invokers.TestInvoker$MethodInvocationAgent.invoke(TestInvoker.java:957)
at org.testng.internal.invokers.TestInvoker.invokeTestMethods(TestInvoker.java:200)
at org.testng.internal.invokers.TestMethodWorker.invokeTestMethods(TestMethodWorker.java:148)
at org.testng.internal.invokers.TestMethodWorker.run(TestMethodWorker.java:128)
at java.base/java.util.ArrayList.forEach(ArrayList.java:1511)
at org.testng.TestRunner.privateRun(TestRunner.java:848)
at org.testng.TestRunner.run(TestRunner.java:621)
at org.testng.SuiteRunner.runTest(SuiteRunner.java:443)
at org.testng.SuiteRunner.runSequentially(SuiteRunner.java:437)
at org.testng.SuiteRunner.privateRun(SuiteRunner.java:397)
at org.testng.SuiteRunner.run(SuiteRunner.java:336)
at org.testng.SuiteRunnerWorker.runSuite(SuiteRunnerWorker.java:52)
at org.testng.SuiteRunnerWorker.run(SuiteRunnerWorker.java:95)
at org.testng.TestNG.runSuitesSequentially(TestNG.java:1280)
at org.testng.TestNG.runSuitesLocally(TestNG.java:1200)
at org.testng.TestNG.runSuites(TestNG.java:1114)
at org.testng.TestNG.run(TestNG.java:1082)
at org.testng.remote.AbstractRemoteTestNG.run(AbstractRemoteTestNG.java:115)
at org.testng.remote.RemoteTestNG.initAndRun(RemoteTestNG.java:251)
at org.testng.remote.RemoteTestNG.main(RemoteTestNG.java:77)
]]>
    </error>
  </testcase> <!-- insertPublisherUser -->
  <testcase classname="api.test.PublisherTest" name="listPublisherUser" time="0.616"/>
  <testcase classname="api.test.PublisherTest" name="getPublisherUser" time="0.624"/>
  <testcase classname="api.test.PublisherTest" name="updatePublisherUser" time="0.628"/>
  <testcase classname="api.test.PublisherTest" name="inviteResend" time="0.665"/>
  <testcase classname="api.test.PublisherTest" name="updatePublisherUserStatus" time="0.630"/>
  <testcase classname="api.test.PublisherTest" name="deletePublisherUser" time="0.614"/>
  <testcase classname="api.test.PublisherTest" name="insertPublisherLead" time="1.420"/>
  <testcase classname="api.test.PublisherTest" name="listPublisherLead" time="0.772"/>
  <testcase classname="api.test.PublisherTest" name="getPublisherLead" time="1.273"/>
  <testcase classname="api.test.PublisherTest" name="updatePublisherLead" time="1.114"/>
  <testcase classname="api.test.PublisherTest" name="deletePublisherLead" time="1.093"/>
</testsuite> <!-- api.test.PublisherTest -->
