<?xml version="1.0" encoding="UTF-8"?>
<!-- Generated by org.testng.reporters.JUnitReportReporter -->
<testsuite hostname="Active30" failures="0" tests="22" name="api.test.AdvertiserTest" time="11.547" errors="3" timestamp="2024-01-19T15:03:30 IST" skipped="0">
  <testcase classname="api.test.AdvertiserTest" name="insertAdvertiser" time="0.946">
    <error message="JSONObject[&quot;data&quot;] is not a JSONObject (class org.json.JSONObject$Null : null)." type="org.json.JSONException">
      <![CDATA[org.json.JSONException: JSONObject["data"] is not a JSONObject (class org.json.JSONObject$Null : null).
at org.json.JSONObject.wrongValueFormatException(JSONObject.java:2702)
at org.json.JSONObject.getJSONObject(JSONObject.java:784)
at api.test.AdvertiserTest.insertAdvertiser(AdvertiserTest.java:247)
at java.base/jdk.internal.reflect.NativeMethodAccessorImpl.invoke0(Native Method)
at java.base/jdk.internal.reflect.NativeMethodAccessorImpl.invoke(NativeMethodAccessorImpl.java:77)
at java.base/jdk.internal.reflect.DelegatingMethodAccessorImpl.invoke(DelegatingMethodAccessorImpl.java:43)
at java.base/java.lang.reflect.Method.invoke(Method.java:568)
at org.testng.internal.invokers.MethodInvocationHelper.invokeMethod(MethodInvocationHelper.java:139)
at org.testng.internal.invokers.TestInvoker.invokeMethod(TestInvoker.java:664)
at org.testng.internal.invokers.TestInvoker.invokeTestMethod(TestInvoker.java:227)
at org.testng.internal.invokers.MethodRunner.runInSequence(MethodRunner.java:50)
at org.testng.internal.invokers.TestInvoker$MethodInvocationAgent.invoke(TestInvoker.java:957)
at org.testng.internal.invokers.TestInvoker.invokeTestMethods(TestInvoker.java:200)
at org.testng.internal.invokers.TestMethodWorker.invokeTestMethods(TestMethodWorker.java:148)
at org.testng.internal.invokers.TestMethodWorker.run(TestMethodWorker.java:128)
at java.base/java.util.ArrayList.forEach(ArrayList.java:1511)
at org.testng.TestRunner.privateRun(TestRunner.java:848)
at org.testng.TestRunner.run(TestRunner.java:621)
at org.testng.SuiteRunner.runTest(SuiteRunner.java:443)
at org.testng.SuiteRunner.runSequentially(SuiteRunner.java:437)
at org.testng.SuiteRunner.privateRun(SuiteRunner.java:397)
at org.testng.SuiteRunner.run(SuiteRunner.java:336)
at org.testng.SuiteRunnerWorker.runSuite(SuiteRunnerWorker.java:52)
at org.testng.SuiteRunnerWorker.run(SuiteRunnerWorker.java:95)
at org.testng.TestNG.runSuitesSequentially(TestNG.java:1280)
at org.testng.TestNG.runSuitesLocally(TestNG.java:1200)
at org.testng.TestNG.runSuites(TestNG.java:1114)
at org.testng.TestNG.run(TestNG.java:1082)
at org.testng.remote.AbstractRemoteTestNG.run(AbstractRemoteTestNG.java:115)
at org.testng.remote.RemoteTestNG.initAndRun(RemoteTestNG.java:251)
at org.testng.remote.RemoteTestNG.main(RemoteTestNG.java:77)
]]>
    </error>
  </testcase> <!-- insertAdvertiser -->
  <testcase classname="api.test.AdvertiserTest" name="listadvertisers" time="0.575"/>
  <testcase classname="api.test.AdvertiserTest" name="getSingleAdvertiser" time="0.484"/>
  <testcase classname="api.test.AdvertiserTest" name="updateAdvertiser" time="0.468"/>
  <testcase classname="api.test.AdvertiserTest" name="getAdvertiserSettings" time="0.473"/>
  <testcase classname="api.test.AdvertiserTest" name="insertAdvertiserGroup" time="0.575">
    <error message="JSONObject[&quot;data&quot;] is not a JSONObject (class org.json.JSONObject$Null : null)." type="org.json.JSONException">
      <![CDATA[org.json.JSONException: JSONObject["data"] is not a JSONObject (class org.json.JSONObject$Null : null).
at org.json.JSONObject.wrongValueFormatException(JSONObject.java:2702)
at org.json.JSONObject.getJSONObject(JSONObject.java:784)
at api.test.AdvertiserTest.insertAdvertiserGroup(AdvertiserTest.java:296)
at java.base/jdk.internal.reflect.NativeMethodAccessorImpl.invoke0(Native Method)
at java.base/jdk.internal.reflect.NativeMethodAccessorImpl.invoke(NativeMethodAccessorImpl.java:77)
at java.base/jdk.internal.reflect.DelegatingMethodAccessorImpl.invoke(DelegatingMethodAccessorImpl.java:43)
at java.base/java.lang.reflect.Method.invoke(Method.java:568)
at org.testng.internal.invokers.MethodInvocationHelper.invokeMethod(MethodInvocationHelper.java:139)
at org.testng.internal.invokers.TestInvoker.invokeMethod(TestInvoker.java:664)
at org.testng.internal.invokers.TestInvoker.invokeTestMethod(TestInvoker.java:227)
at org.testng.internal.invokers.MethodRunner.runInSequence(MethodRunner.java:50)
at org.testng.internal.invokers.TestInvoker$MethodInvocationAgent.invoke(TestInvoker.java:957)
at org.testng.internal.invokers.TestInvoker.invokeTestMethods(TestInvoker.java:200)
at org.testng.internal.invokers.TestMethodWorker.invokeTestMethods(TestMethodWorker.java:148)
at org.testng.internal.invokers.TestMethodWorker.run(TestMethodWorker.java:128)
at java.base/java.util.ArrayList.forEach(ArrayList.java:1511)
at org.testng.TestRunner.privateRun(TestRunner.java:848)
at org.testng.TestRunner.run(TestRunner.java:621)
at org.testng.SuiteRunner.runTest(SuiteRunner.java:443)
at org.testng.SuiteRunner.runSequentially(SuiteRunner.java:437)
at org.testng.SuiteRunner.privateRun(SuiteRunner.java:397)
at org.testng.SuiteRunner.run(SuiteRunner.java:336)
at org.testng.SuiteRunnerWorker.runSuite(SuiteRunnerWorker.java:52)
at org.testng.SuiteRunnerWorker.run(SuiteRunnerWorker.java:95)
at org.testng.TestNG.runSuitesSequentially(TestNG.java:1280)
at org.testng.TestNG.runSuitesLocally(TestNG.java:1200)
at org.testng.TestNG.runSuites(TestNG.java:1114)
at org.testng.TestNG.run(TestNG.java:1082)
at org.testng.remote.AbstractRemoteTestNG.run(AbstractRemoteTestNG.java:115)
at org.testng.remote.RemoteTestNG.initAndRun(RemoteTestNG.java:251)
at org.testng.remote.RemoteTestNG.main(RemoteTestNG.java:77)
]]>
    </error>
  </testcase> <!-- insertAdvertiserGroup -->
  <testcase classname="api.test.AdvertiserTest" name="listAdvertiserGroups" time="0.454"/>
  <testcase classname="api.test.AdvertiserTest" name="getSingleAdvertiserGroup" time="0.470"/>
  <testcase classname="api.test.AdvertiserTest" name="updateAdvertiserGroup" time="0.570"/>
  <testcase classname="api.test.AdvertiserTest" name="updateAdvertiserGroupStatus" time="0.459"/>
  <testcase classname="api.test.AdvertiserTest" name="insertAdvertiserUser" time="0.527"/>
  <testcase classname="api.test.AdvertiserTest" name="listAdvertiserUser" time="0.547"/>
  <testcase classname="api.test.AdvertiserTest" name="getAdvertiserUser" time="0.514"/>
  <testcase classname="api.test.AdvertiserTest" name="updateAdvertiserUser" time="0.521"/>
  <testcase classname="api.test.AdvertiserTest" name="inviteResend" time="0.474"/>
  <testcase classname="api.test.AdvertiserTest" name="updateAdvertiserUserStatus" time="0.463"/>
  <testcase classname="api.test.AdvertiserTest" name="deleteAdvertiserUser" time="0.641"/>
  <testcase classname="api.test.AdvertiserTest" name="insertAdvertiserLead" time="0.538">
    <error message="JSONObject[&quot;data&quot;] is not a JSONObject (class org.json.JSONObject$Null : null)." type="org.json.JSONException">
      <![CDATA[org.json.JSONException: JSONObject["data"] is not a JSONObject (class org.json.JSONObject$Null : null).
at org.json.JSONObject.wrongValueFormatException(JSONObject.java:2702)
at org.json.JSONObject.getJSONObject(JSONObject.java:784)
at api.test.AdvertiserTest.insertAdvertiserLead(AdvertiserTest.java:426)
at java.base/jdk.internal.reflect.NativeMethodAccessorImpl.invoke0(Native Method)
at java.base/jdk.internal.reflect.NativeMethodAccessorImpl.invoke(NativeMethodAccessorImpl.java:77)
at java.base/jdk.internal.reflect.DelegatingMethodAccessorImpl.invoke(DelegatingMethodAccessorImpl.java:43)
at java.base/java.lang.reflect.Method.invoke(Method.java:568)
at org.testng.internal.invokers.MethodInvocationHelper.invokeMethod(MethodInvocationHelper.java:139)
at org.testng.internal.invokers.TestInvoker.invokeMethod(TestInvoker.java:664)
at org.testng.internal.invokers.TestInvoker.invokeTestMethod(TestInvoker.java:227)
at org.testng.internal.invokers.MethodRunner.runInSequence(MethodRunner.java:50)
at org.testng.internal.invokers.TestInvoker$MethodInvocationAgent.invoke(TestInvoker.java:957)
at org.testng.internal.invokers.TestInvoker.invokeTestMethods(TestInvoker.java:200)
at org.testng.internal.invokers.TestMethodWorker.invokeTestMethods(TestMethodWorker.java:148)
at org.testng.internal.invokers.TestMethodWorker.run(TestMethodWorker.java:128)
at java.base/java.util.ArrayList.forEach(ArrayList.java:1511)
at org.testng.TestRunner.privateRun(TestRunner.java:848)
at org.testng.TestRunner.run(TestRunner.java:621)
at org.testng.SuiteRunner.runTest(SuiteRunner.java:443)
at org.testng.SuiteRunner.runSequentially(SuiteRunner.java:437)
at org.testng.SuiteRunner.privateRun(SuiteRunner.java:397)
at org.testng.SuiteRunner.run(SuiteRunner.java:336)
at org.testng.SuiteRunnerWorker.runSuite(SuiteRunnerWorker.java:52)
at org.testng.SuiteRunnerWorker.run(SuiteRunnerWorker.java:95)
at org.testng.TestNG.runSuitesSequentially(TestNG.java:1280)
at org.testng.TestNG.runSuitesLocally(TestNG.java:1200)
at org.testng.TestNG.runSuites(TestNG.java:1114)
at org.testng.TestNG.run(TestNG.java:1082)
at org.testng.remote.AbstractRemoteTestNG.run(AbstractRemoteTestNG.java:115)
at org.testng.remote.RemoteTestNG.initAndRun(RemoteTestNG.java:251)
at org.testng.remote.RemoteTestNG.main(RemoteTestNG.java:77)
]]>
    </error>
  </testcase> <!-- insertAdvertiserLead -->
  <testcase classname="api.test.AdvertiserTest" name="listAdvertiserLead" time="0.462"/>
  <testcase classname="api.test.AdvertiserTest" name="getAdvertiserLead" time="0.473"/>
  <testcase classname="api.test.AdvertiserTest" name="updateAdvertiserLead" time="0.473"/>
  <testcase classname="api.test.AdvertiserTest" name="deleteAdvertiserLead" time="0.440"/>
</testsuite> <!-- api.test.AdvertiserTest -->
